#
# There is insufficient memory for the Java Runtime Environment to continue.
# Native memory allocation (malloc) failed to allocate 32744 bytes for ChunkPool::allocate
# Possible reasons:
#   The system is out of physical RAM or swap space
#   In 32 bit mode, the process size limit was hit
# Possible solutions:
#   Reduce memory load on the system
#   Increase physical memory or swap space
#   Check if swap backing store is full
#   Use 64 bit Java on a 64 bit OS
#   Decrease Java heap size (-Xmx/-Xms)
#   Decrease number of Java threads
#   Decrease Java thread stack sizes (-Xss)
#   Set larger code cache with -XX:ReservedCodeCacheSize=
# This output file may be truncated or incomplete.
#
#  Out of Memory Error (allocation.cpp:273), pid=7396, tid=0x0000000000002cc0
#
# JRE version: Java(TM) SE Runtime Environment (8.0_172-b11) (build 1.8.0_172-b11)
# Java VM: Java HotSpot(TM) 64-Bit Server VM (25.172-b11 mixed mode windows-amd64 compressed oops)
# Failed to write core dump. Minidumps are not enabled by default on client versions of Windows
#

---------------  T H R E A D  ---------------

Current thread (0x0000000016ccd000):  JavaThread "C2 CompilerThread0" daemon [_thread_in_native, id=11456, stack(0x0000000018ae0000,0x0000000018be0000)]

Stack: [0x0000000018ae0000,0x0000000018be0000]
[error occurred during error reporting (printing stack bounds), id 0xc0000005]

Native frames: (J=compiled Java code, j=interpreted, Vv=VM code, C=native code)


Current CompileTask:
C2: 104084 5001       4       java.net.URLClassLoader$1::run (5 bytes)


---------------  P R O C E S S  ---------------

Java Threads: ( => current thread )
  0x000000001cd88000 JavaThread "restartedMain" [_thread_in_native, id=9680, stack(0x000000001c680000,0x000000001c780000)]
  0x000000001cd8a000 JavaThread "Thread-11" [_thread_blocked, id=5364, stack(0x000000001a9b0000,0x000000001aab0000)]
  0x000000001cd88800 JavaThread "DestroyJavaVM" [_thread_blocked, id=6500, stack(0x0000000000450000,0x0000000000550000)]
  0x000000001ccb0000 JavaThread "Live Reload Server" daemon [_thread_in_native, id=5716, stack(0x0000000024080000,0x0000000024180000)]
  0x000000001b9bc000 JavaThread "Abandoned connection cleanup thread" daemon [_thread_blocked, id=1536, stack(0x00000000202b0000,0x00000000203b0000)]
  0x0000000016cde800 JavaThread "Service Thread" daemon [_thread_blocked, id=12644, stack(0x0000000018de0000,0x0000000018ee0000)]
  0x0000000016cd7800 JavaThread "C1 CompilerThread2" daemon [_thread_blocked, id=8376, stack(0x0000000018ce0000,0x0000000018de0000)]
  0x0000000016cd4000 JavaThread "C2 CompilerThread1" daemon [_thread_in_vm, id=5644, stack(0x0000000018be0000,0x0000000018ce0000)]
=>0x0000000016ccd000 JavaThread "C2 CompilerThread0" daemon [_thread_in_native, id=11456, stack(0x0000000018ae0000,0x0000000018be0000)]
  0x0000000016cbf800 JavaThread "JDWP Command Reader" daemon [_thread_in_native, id=2820, stack(0x00000000189e0000,0x0000000018ae0000)]
  0x0000000016cbc800 JavaThread "JDWP Event Helper Thread" daemon [_thread_blocked, id=2192, stack(0x00000000188e0000,0x00000000189e0000)]
  0x0000000016cb0800 JavaThread "JDWP Transport Listener: dt_socket" daemon [_thread_in_native, id=3320, stack(0x0000000018790000,0x0000000018890000)]
  0x0000000016ca8800 JavaThread "Attach Listener" daemon [_thread_blocked, id=4376, stack(0x0000000018550000,0x0000000018650000)]
  0x0000000018093800 JavaThread "Signal Dispatcher" daemon [_thread_blocked, id=12716, stack(0x0000000018450000,0x0000000018550000)]
  0x0000000016c6c800 JavaThread "Finalizer" daemon [_thread_blocked, id=2212, stack(0x0000000017f00000,0x0000000018000000)]
  0x00000000020a6000 JavaThread "Reference Handler" daemon [_thread_blocked, id=7500, stack(0x0000000017e00000,0x0000000017f00000)]

Other Threads:
  0x0000000016c47000 VMThread [stack: 0x0000000017d00000,0x0000000017e00000] [id=11540]
  0x0000000018129000 WatcherThread [stack: 0x0000000018ee0000,0x0000000018fe0000] [id=7208]

VM state:not at safepoint (normal execution)

VM Mutex/Monitor currently owned by a thread: None

Heap:
 PSYoungGen      total 282624K, used 5107K [0x00000000d5b00000, 0x00000000e7e00000, 0x0000000100000000)
  eden space 268800K, 1% used [0x00000000d5b00000,0x00000000d5ffced0,0x00000000e6180000)
  from space 13824K, 0% used [0x00000000e6f80000,0x00000000e6f80000,0x00000000e7d00000)
  to   space 14336K, 0% used [0x00000000e6180000,0x00000000e6180000,0x00000000e6f80000)
 ParOldGen       total 78848K, used 19557K [0x0000000081000000, 0x0000000085d00000, 0x00000000d5b00000)
  object space 78848K, 24% used [0x0000000081000000,0x0000000082319568,0x0000000085d00000)
 Metaspace       used 43388K, capacity 45584K, committed 45872K, reserved 1089536K
  class space    used 5455K, capacity 5890K, committed 5936K, reserved 1048576K

Card table byte_map: [0x00000000114b0000,0x00000000118b0000] byte_map_base: 0x00000000110a8000

Marking Bits: (ParMarkBitMap*) 0x000000005bf33c10
 Begin Bits: [0x0000000011f60000, 0x0000000013f20000)
 End Bits:   [0x0000000013f20000, 0x0000000015ee0000)

Polling page: 0x0000000000550000

CodeCache: size=245760Kb used=16480Kb max_used=16507Kb free=229279Kb
 bounds [0x00000000020f0000, 0x0000000003130000, 0x00000000110f0000]
 total_blobs=4804 nmethods=4313 adapters=410
 compilation: enabled

Compilation events (10 events):
Event: 103.772 Thread 0x0000000016cd7800 5002       1       org.apache.catalina.core.ContainerBase::getName (5 bytes)
Event: 103.772 Thread 0x0000000016cd7800 nmethod 5002 0x00000000024ad190 code [0x00000000024ad2e0, 0x00000000024ad3f0]
Event: 103.773 Thread 0x0000000016cd7800 5003       1       org.apache.catalina.ContainerEvent::getType (5 bytes)
Event: 103.773 Thread 0x0000000016cd7800 nmethod 5003 0x0000000002412190 code [0x00000000024122e0, 0x00000000024123f0]
Event: 103.774 Thread 0x0000000016cd4000 5004       4       java.util.concurrent.locks.ReentrantLock::unlock (10 bytes)
Event: 103.778 Thread 0x0000000016cd4000 nmethod 5004 0x0000000002466150 code [0x00000000024662a0, 0x00000000024663c8]
Event: 103.783 Thread 0x0000000016cd7800 5005       3       com.sun.jmx.interceptor.DefaultMBeanServerInterceptor::nonDefaultDomain (43 bytes)
Event: 103.783 Thread 0x0000000016cd4000 5006       4       java.util.concurrent.ConcurrentHashMap$BaseIterator::hasNext (13 bytes)
Event: 103.784 Thread 0x0000000016cd4000 nmethod 5006 0x0000000002c588d0 code [0x0000000002c58a00, 0x0000000002c58a78]
Event: 103.785 Thread 0x0000000016cd7800 nmethod 5005 0x000000000233b850 code [0x000000000233bac0, 0x000000000233c988]

GC Heap History (10 events):
Event: 8.183 GC heap before
{Heap before GC invocations=10 (full 2):
 PSYoungGen      total 202752K, used 9233K [0x00000000d5b00000, 0x00000000e5300000, 0x0000000100000000)
  eden space 188928K, 0% used [0x00000000d5b00000,0x00000000d5b00000,0x00000000e1380000)
  from space 13824K, 66% used [0x00000000e2100000,0x00000000e2a047f8,0x00000000e2e80000)
  to   space 13824K, 0% used [0x00000000e1380000,0x00000000e1380000,0x00000000e2100000)
 ParOldGen       total 51200K, used 13788K [0x0000000081000000, 0x0000000084200000, 0x00000000d5b00000)
  object space 51200K, 26% used [0x0000000081000000,0x0000000081d77230,0x0000000084200000)
 Metaspace       used 34409K, capacity 35842K, committed 36016K, reserved 1081344K
  class space    used 4399K, capacity 4699K, committed 4784K, reserved 1048576K
Event: 8.326 GC heap after
Heap after GC invocations=10 (full 2):
 PSYoungGen      total 202752K, used 0K [0x00000000d5b00000, 0x00000000e5300000, 0x0000000100000000)
  eden space 188928K, 0% used [0x00000000d5b00000,0x00000000d5b00000,0x00000000e1380000)
  from space 13824K, 0% used [0x00000000e2100000,0x00000000e2100000,0x00000000e2e80000)
  to   space 13824K, 0% used [0x00000000e1380000,0x00000000e1380000,0x00000000e2100000)
 ParOldGen       total 78848K, used 17146K [0x0000000081000000, 0x0000000085d00000, 0x00000000d5b00000)
  object space 78848K, 21% used [0x0000000081000000,0x00000000820beaf0,0x0000000085d00000)
 Metaspace       used 34409K, capacity 35842K, committed 36016K, reserved 1081344K
  class space    used 4399K, capacity 4699K, committed 4784K, reserved 1048576K
}
Event: 29.507 GC heap before
{Heap before GC invocations=11 (full 2):
 PSYoungGen      total 202752K, used 128555K [0x00000000d5b00000, 0x00000000e5300000, 0x0000000100000000)
  eden space 188928K, 68% used [0x00000000d5b00000,0x00000000dd88afd8,0x00000000e1380000)
  from space 13824K, 0% used [0x00000000e2100000,0x00000000e2100000,0x00000000e2e80000)
  to   space 13824K, 0% used [0x00000000e1380000,0x00000000e1380000,0x00000000e2100000)
 ParOldGen       total 78848K, used 17146K [0x0000000081000000, 0x0000000085d00000, 0x00000000d5b00000)
  object space 78848K, 21% used [0x0000000081000000,0x00000000820beaf0,0x0000000085d00000)
 Metaspace       used 42823K, capacity 44814K, committed 45104K, reserved 1089536K
  class space    used 5421K, capacity 5818K, committed 5936K, reserved 1048576K
Event: 29.536 GC heap after
Heap after GC invocations=11 (full 2):
 PSYoungGen      total 202752K, used 9684K [0x00000000d5b00000, 0x00000000e7d00000, 0x0000000100000000)
  eden space 188928K, 0% used [0x00000000d5b00000,0x00000000d5b00000,0x00000000e1380000)
  from space 13824K, 70% used [0x00000000e1380000,0x00000000e1cf53c8,0x00000000e2100000)
  to   space 13824K, 0% used [0x00000000e6f80000,0x00000000e6f80000,0x00000000e7d00000)
 ParOldGen       total 78848K, used 17154K [0x0000000081000000, 0x0000000085d00000, 0x00000000d5b00000)
  object space 78848K, 21% used [0x0000000081000000,0x00000000820c0af0,0x0000000085d00000)
 Metaspace       used 42823K, capacity 44814K, committed 45104K, reserved 1089536K
  class space    used 5421K, capacity 5818K, committed 5936K, reserved 1048576K
}
Event: 29.536 GC heap before
{Heap before GC invocations=12 (full 3):
 PSYoungGen      total 202752K, used 9684K [0x00000000d5b00000, 0x00000000e7d00000, 0x0000000100000000)
  eden space 188928K, 0% used [0x00000000d5b00000,0x00000000d5b00000,0x00000000e1380000)
  from space 13824K, 70% used [0x00000000e1380000,0x00000000e1cf53c8,0x00000000e2100000)
  to   space 13824K, 0% used [0x00000000e6f80000,0x00000000e6f80000,0x00000000e7d00000)
 ParOldGen       total 78848K, used 17154K [0x0000000081000000, 0x0000000085d00000, 0x00000000d5b00000)
  object space 78848K, 21% used [0x0000000081000000,0x00000000820c0af0,0x0000000085d00000)
 Metaspace       used 42823K, capacity 44814K, committed 45104K, reserved 1089536K
  class space    used 5421K, capacity 5818K, committed 5936K, reserved 1048576K
Event: 29.775 GC heap after
Heap after GC invocations=12 (full 3):
 PSYoungGen      total 202752K, used 0K [0x00000000d5b00000, 0x00000000e7d00000, 0x0000000100000000)
  eden space 188928K, 0% used [0x00000000d5b00000,0x00000000d5b00000,0x00000000e1380000)
  from space 13824K, 0% used [0x00000000e1380000,0x00000000e1380000,0x00000000e2100000)
  to   space 13824K, 0% used [0x00000000e6f80000,0x00000000e6f80000,0x00000000e7d00000)
 ParOldGen       total 78848K, used 23424K [0x0000000081000000, 0x0000000085d00000, 0x00000000d5b00000)
  object space 78848K, 29% used [0x0000000081000000,0x00000000826e01f8,0x0000000085d00000)
 Metaspace       used 42823K, capacity 44814K, committed 45104K, reserved 1089536K
  class space    used 5421K, capacity 5818K, committed 5936K, reserved 1048576K
}
Event: 103.785 GC heap before
{Heap before GC invocations=13 (full 3):
 PSYoungGen      total 202752K, used 118001K [0x00000000d5b00000, 0x00000000e7d00000, 0x0000000100000000)
  eden space 188928K, 62% used [0x00000000d5b00000,0x00000000dce3c480,0x00000000e1380000)
  from space 13824K, 0% used [0x00000000e1380000,0x00000000e1380000,0x00000000e2100000)
  to   space 13824K, 0% used [0x00000000e6f80000,0x00000000e6f80000,0x00000000e7d00000)
 ParOldGen       total 78848K, used 23424K [0x0000000081000000, 0x0000000085d00000, 0x00000000d5b00000)
  object space 78848K, 29% used [0x0000000081000000,0x00000000826e01f8,0x0000000085d00000)
 Metaspace       used 43389K, capacity 45584K, committed 45872K, reserved 1089536K
  class space    used 5455K, capacity 5890K, committed 5936K, reserved 1048576K
Event: 103.796 GC heap after
Heap after GC invocations=13 (full 3):
 PSYoungGen      total 282624K, used 3632K [0x00000000d5b00000, 0x00000000e7e00000, 0x0000000100000000)
  eden space 268800K, 0% used [0x00000000d5b00000,0x00000000d5b00000,0x00000000e6180000)
  from space 13824K, 26% used [0x00000000e6f80000,0x00000000e730c298,0x00000000e7d00000)
  to   space 14336K, 0% used [0x00000000e6180000,0x00000000e6180000,0x00000000e6f80000)
 ParOldGen       total 78848K, used 23432K [0x0000000081000000, 0x0000000085d00000, 0x00000000d5b00000)
  object space 78848K, 29% used [0x0000000081000000,0x00000000826e21f8,0x0000000085d00000)
 Metaspace       used 43389K, capacity 45584K, committed 45872K, reserved 1089536K
  class space    used 5455K, capacity 5890K, committed 5936K, reserved 1048576K
}
Event: 103.796 GC heap before
{Heap before GC invocations=14 (full 4):
 PSYoungGen      total 282624K, used 3632K [0x00000000d5b00000, 0x00000000e7e00000, 0x0000000100000000)
  eden space 268800K, 0% used [0x00000000d5b00000,0x00000000d5b00000,0x00000000e6180000)
  from space 13824K, 26% used [0x00000000e6f80000,0x00000000e730c298,0x00000000e7d00000)
  to   space 14336K, 0% used [0x00000000e6180000,0x00000000e6180000,0x00000000e6f80000)
 ParOldGen       total 78848K, used 23432K [0x0000000081000000, 0x0000000085d00000, 0x00000000d5b00000)
  object space 78848K, 29% used [0x0000000081000000,0x00000000826e21f8,0x0000000085d00000)
 Metaspace       used 43389K, capacity 45584K, committed 45872K, reserved 1089536K
  class space    used 5455K, capacity 5890K, committed 5936K, reserved 1048576K
Event: 104.019 GC heap after
Heap after GC invocations=14 (full 4):
 PSYoungGen      total 282624K, used 0K [0x00000000d5b00000, 0x00000000e7e00000, 0x0000000100000000)
  eden space 268800K, 0% used [0x00000000d5b00000,0x00000000d5b00000,0x00000000e6180000)
  from space 13824K, 0% used [0x00000000e6f80000,0x00000000e6f80000,0x00000000e7d00000)
  to   space 14336K, 0% used [0x00000000e6180000,0x00000000e6180000,0x00000000e6f80000)
 ParOldGen       total 78848K, used 19557K [0x0000000081000000, 0x0000000085d00000, 0x00000000d5b00000)
  object space 78848K, 24% used [0x0000000081000000,0x0000000082319568,0x0000000085d00000)
 Metaspace       used 43386K, capacity 45578K, committed 45872K, reserved 1089536K
  class space    used 5454K, capacity 5888K, committed 5936K, reserved 1048576K
}

Deoptimization events (10 events):
Event: 103.770 Thread 0x000000001cd8a000 Uncommon trap: reason=unhandled action=none pc=0x0000000002b1dc54 method=java.net.URLClassLoader.findClass(Ljava/lang/String;)Ljava/lang/Class; @ 44
Event: 103.771 Thread 0x000000001cd8a000 Uncommon trap: reason=unhandled action=none pc=0x0000000002b1dc54 method=java.net.URLClassLoader.findClass(Ljava/lang/String;)Ljava/lang/Class; @ 44
Event: 103.771 Thread 0x000000001cd8a000 Uncommon trap: reason=unhandled action=none pc=0x0000000002b1dc54 method=java.net.URLClassLoader.findClass(Ljava/lang/String;)Ljava/lang/Class; @ 44
Event: 104.044 Thread 0x000000001cd88000 Uncommon trap: reason=unhandled action=none pc=0x0000000002b1dc54 method=java.net.URLClassLoader.findClass(Ljava/lang/String;)Ljava/lang/Class; @ 44
Event: 104.044 Thread 0x000000001cd88000 Uncommon trap: reason=unhandled action=none pc=0x0000000002b1dc54 method=java.net.URLClassLoader.findClass(Ljava/lang/String;)Ljava/lang/Class; @ 44
Event: 104.045 Thread 0x000000001cd88000 Uncommon trap: reason=unhandled action=none pc=0x0000000002b1dc54 method=java.net.URLClassLoader.findClass(Ljava/lang/String;)Ljava/lang/Class; @ 44
Event: 104.046 Thread 0x000000001cd88000 Uncommon trap: reason=unhandled action=none pc=0x0000000002b1dc54 method=java.net.URLClassLoader.findClass(Ljava/lang/String;)Ljava/lang/Class; @ 44
Event: 104.047 Thread 0x000000001cd88000 Uncommon trap: reason=unhandled action=none pc=0x00000000025e677c method=java.net.URLClassLoader.findClass(Ljava/lang/String;)Ljava/lang/Class; @ 44
Event: 104.047 Thread 0x000000001cd88000 Uncommon trap: reason=unhandled action=none pc=0x0000000002b1dc54 method=java.net.URLClassLoader.findClass(Ljava/lang/String;)Ljava/lang/Class; @ 44
Event: 104.048 Thread 0x000000001cd88000 Uncommon trap: reason=unhandled action=none pc=0x0000000002b1dc54 method=java.net.URLClassLoader.findClass(Ljava/lang/String;)Ljava/lang/Class; @ 44

Classes redefined (0 events):
No events

Internal exceptions (10 events):
Event: 32.912 Thread 0x000000001cd8a000 Exception <a 'java/lang/ArrayIndexOutOfBoundsException': 123> (0x00000000dabd2938) thrown at [C:\re\workspace\8-2-build-windows-amd64-cygwin\jdk8u172\10810\hotspot\src\share\vm\interpreter\interpreterRuntime.cpp, line 366]
Event: 32.912 Thread 0x000000001cd8a000 Exception <a 'java/lang/ArrayIndexOutOfBoundsException': 139> (0x00000000dabd8980) thrown at [C:\re\workspace\8-2-build-windows-amd64-cygwin\jdk8u172\10810\hotspot\src\share\vm\interpreter\interpreterRuntime.cpp, line 366]
Event: 32.912 Thread 0x000000001cd8a000 Exception <a 'java/lang/ArrayIndexOutOfBoundsException': 132> (0x00000000dabdc178) thrown at [C:\re\workspace\8-2-build-windows-amd64-cygwin\jdk8u172\10810\hotspot\src\share\vm\interpreter\interpreterRuntime.cpp, line 366]
Event: 32.915 Thread 0x000000001cd8a000 Exception <a 'java/lang/ArrayIndexOutOfBoundsException': 137> (0x00000000dabfe1c8) thrown at [C:\re\workspace\8-2-build-windows-amd64-cygwin\jdk8u172\10810\hotspot\src\share\vm\interpreter\interpreterRuntime.cpp, line 366]
Event: 32.963 Thread 0x000000001cd8a000 Exception <a 'java/lang/ArrayIndexOutOfBoundsException': 231> (0x00000000dadf11b0) thrown at [C:\re\workspace\8-2-build-windows-amd64-cygwin\jdk8u172\10810\hotspot\src\share\vm\interpreter\interpreterRuntime.cpp, line 366]
Event: 32.987 Thread 0x000000001cd8a000 Exception <a 'java/lang/ArrayIndexOutOfBoundsException': 123> (0x00000000daf409d8) thrown at [C:\re\workspace\8-2-build-windows-amd64-cygwin\jdk8u172\10810\hotspot\src\share\vm\interpreter\interpreterRuntime.cpp, line 366]
Event: 33.035 Thread 0x000000001cd8a000 Exception <a 'java/lang/ArrayIndexOutOfBoundsException': 159> (0x00000000db1f1628) thrown at [C:\re\workspace\8-2-build-windows-amd64-cygwin\jdk8u172\10810\hotspot\src\share\vm\interpreter\interpreterRuntime.cpp, line 366]
Event: 33.068 Thread 0x000000001cd8a000 Exception <a 'java/lang/ArrayIndexOutOfBoundsException': 234> (0x00000000db267f48) thrown at [C:\re\workspace\8-2-build-windows-amd64-cygwin\jdk8u172\10810\hotspot\src\share\vm\interpreter\interpreterRuntime.cpp, line 366]
Event: 103.766 Thread 0x000000001cd89800 Exception <a 'java/lang/InterruptedException': sleep interrupted> (0x00000000d9f30a18) thrown at [C:\re\workspace\8-2-build-windows-amd64-cygwin\jdk8u172\10810\hotspot\src\share\vm\prims\jvm.cpp, line 3273]
Event: 103.782 Thread 0x000000001cd8b000 Exception <a 'java/lang/InterruptedException': sleep interrupted> (0x00000000dcd50230) thrown at [C:\re\workspace\8-2-build-windows-amd64-cygwin\jdk8u172\10810\hotspot\src\share\vm\prims\jvm.cpp, line 3273]

Events (10 events):
Event: 104.047 Thread 0x000000001cd88000 DEOPT UNPACKING pc=0x0000000002137890 sp=0x000000001c77d750 mode 1
Event: 104.047 Thread 0x000000001cd88000 DEOPT PACKING pc=0x000000000220f7c8 sp=0x000000001c77db20
Event: 104.047 Thread 0x000000001cd88000 DEOPT UNPACKING pc=0x0000000002137890 sp=0x000000001c77d840 mode 1
Event: 104.048 Thread 0x000000001cd88000 DEOPT PACKING pc=0x0000000002cff914 sp=0x000000001c77e430
Event: 104.048 Thread 0x000000001cd88000 DEOPT UNPACKING pc=0x0000000002137890 sp=0x000000001c77e130 mode 1
Event: 104.048 Thread 0x000000001cd88000 DEOPT PACKING pc=0x00000000027e1784 sp=0x000000001c77e470
Event: 104.048 Thread 0x000000001cd88000 DEOPT UNPACKING pc=0x0000000002137890 sp=0x000000001c77e2e0 mode 1
Event: 104.048 Thread 0x000000001cd88000 Uncommon trap: trap_request=0xffffffa7 fr.pc=0x0000000002b1dc54
Event: 104.048 Thread 0x000000001cd88000 DEOPT PACKING pc=0x0000000002b1dc54 sp=0x000000001c77da60
Event: 104.048 Thread 0x000000001cd88000 DEOPT UNPACKING pc=0x000000000213583b sp=0x000000001c77d9f8 mode 2


Dynamic libraries:
0x00007ff789900000 - 0x00007ff789937000 	E:\soft\develop\Java\jdk1.8.0_172\bin\javaw.exe
0x00007ffdf74a0000 - 0x00007ffdf764d000 	C:\Windows\SYSTEM32\ntdll.dll
0x00007ffdf6940000 - 0x00007ffdf6a7a000 	C:\Windows\system32\KERNEL32.DLL
0x00007ffdf4440000 - 0x00007ffdf4556000 	C:\Windows\system32\KERNELBASE.dll
0x00007ffdf2d10000 - 0x00007ffdf2d9e000 	C:\Windows\system32\apphelp.dll
0x00007ffdd94b0000 - 0x00007ffdd9504000 	C:\Windows\AppPatch\AppPatch64\AcGenral.DLL
0x00007ffdf6740000 - 0x00007ffdf67e7000 	C:\Windows\system32\msvcrt.dll
0x00007ffdf4560000 - 0x00007ffdf458e000 	C:\Windows\system32\SspiCli.dll
0x00007ffdf6ff0000 - 0x00007ffdf7041000 	C:\Windows\system32\SHLWAPI.dll
0x00007ffdf4c60000 - 0x00007ffdf4dd7000 	C:\Windows\system32\USER32.dll
0x00007ffdf49c0000 - 0x00007ffdf4b54000 	C:\Windows\system32\ole32.dll
0x00007ffdf4e10000 - 0x00007ffdf633b000 	C:\Windows\system32\SHELL32.dll
0x00007ffdf38e0000 - 0x00007ffdf38fe000 	C:\Windows\SYSTEM32\USERENV.dll
0x00007ffdf73f0000 - 0x00007ffdf749a000 	C:\Windows\system32\ADVAPI32.dll
0x00007ffdebfc0000 - 0x00007ffdebfdb000 	C:\Windows\SYSTEM32\MPR.dll
0x00007ffdf64c0000 - 0x00007ffdf6600000 	C:\Windows\system32\RPCRT4.dll
0x00007ffdf6620000 - 0x00007ffdf6679000 	C:\Windows\SYSTEM32\sechost.dll
0x00007ffdf7050000 - 0x00007ffdf7260000 	C:\Windows\SYSTEM32\combase.dll
0x00007ffdf67f0000 - 0x00007ffdf693c000 	C:\Windows\system32\GDI32.dll
0x00007ffdf4240000 - 0x00007ffdf4254000 	C:\Windows\SYSTEM32\profapi.dll
0x00007ffdf2380000 - 0x00007ffdf2432000 	C:\Windows\SYSTEM32\SHCORE.dll
0x00007ffdf73b0000 - 0x00007ffdf73e4000 	C:\Windows\system32\IMM32.DLL
0x00007ffdf6360000 - 0x00007ffdf64b1000 	C:\Windows\system32\MSCTF.dll
0x00007ffdf0c90000 - 0x00007ffdf0f0b000 	C:\Windows\WinSxS\amd64_microsoft.windows.common-controls_6595b64144ccf1df_6.0.9600.18006_none_623f33d3ecbe86e8\COMCTL32.dll
0x000000005d170000 - 0x000000005d242000 	E:\soft\develop\Java\jdk1.8.0_172\jre\bin\msvcr100.dll
0x000000005b710000 - 0x000000005bfb3000 	E:\soft\develop\Java\jdk1.8.0_172\jre\bin\server\jvm.dll
0x00007ffddf680000 - 0x00007ffddf689000 	C:\Windows\SYSTEM32\WSOCK32.dll
0x00007ffdf43c0000 - 0x00007ffdf43df000 	C:\Windows\system32\WINMM.dll
0x00007ffdf31d0000 - 0x00007ffdf31da000 	C:\Windows\SYSTEM32\VERSION.dll
0x00007ffdf6350000 - 0x00007ffdf6357000 	C:\Windows\system32\PSAPI.DLL
0x00007ffdf4c00000 - 0x00007ffdf4c5a000 	C:\Windows\system32\WS2_32.dll
0x00007ffdf4320000 - 0x00007ffdf434a000 	C:\Windows\system32\WINMMBASE.dll
0x00007ffdf6680000 - 0x00007ffdf6689000 	C:\Windows\system32\NSI.dll
0x00007ffdf4370000 - 0x00007ffdf43ba000 	C:\Windows\SYSTEM32\cfgmgr32.dll
0x00007ffdf42f0000 - 0x00007ffdf4316000 	C:\Windows\system32\DEVOBJ.dll
0x000000005d540000 - 0x000000005d54f000 	E:\soft\develop\Java\jdk1.8.0_172\jre\bin\verify.dll
0x000000005d510000 - 0x000000005d539000 	E:\soft\develop\Java\jdk1.8.0_172\jre\bin\java.dll
0x000000005d130000 - 0x000000005d165000 	E:\soft\develop\Java\jdk1.8.0_172\jre\bin\jdwp.dll
0x000000005d500000 - 0x000000005d508000 	E:\soft\develop\Java\jdk1.8.0_172\jre\bin\npt.dll
0x000000005d110000 - 0x000000005d126000 	E:\soft\develop\Java\jdk1.8.0_172\jre\bin\zip.dll
0x000000005d100000 - 0x000000005d109000 	E:\soft\develop\Java\jdk1.8.0_172\jre\bin\dt_socket.dll
0x00007ffddf650000 - 0x00007ffddf67d000 	C:\Program Files (x86)\Sangfor\SSL\ClientComponent2\SangforNspX64.dll
0x00007ffdf6e20000 - 0x00007ffdf6ee6000 	C:\Windows\system32\OLEAUT32.dll
0x00007ffddf620000 - 0x00007ffddf634000 	C:\Windows\system32\napinsp.dll
0x00007ffddf600000 - 0x00007ffddf619000 	C:\Windows\system32\pnrpnsp.dll
0x00007ffdf0c00000 - 0x00007ffdf0c1b000 	C:\Windows\system32\NLAapi.dll
0x00007ffdf3b40000 - 0x00007ffdf3b99000 	C:\Windows\System32\mswsock.dll
0x00007ffdf3940000 - 0x00007ffdf39e4000 	C:\Windows\SYSTEM32\DNSAPI.dll
0x00007ffddf470000 - 0x00007ffddf47c000 	C:\Windows\System32\winrnr.dll
0x00007ffddf5e0000 - 0x00007ffddf5f3000 	C:\Windows\system32\wshbth.dll
0x00007ffdf31e0000 - 0x00007ffdf335a000 	C:\Program Files (x86)\Sangfor\SSL\ClientComponent2\SangforTcpX64.dll
0x00007ffdf43e0000 - 0x00007ffdf4431000 	C:\Windows\system32\WINTRUST.dll
0x00007ffdf4690000 - 0x00007ffdf486f000 	C:\Windows\system32\CRYPT32.dll
0x00007ffdf4350000 - 0x00007ffdf4362000 	C:\Windows\system32\MSASN1.dll
0x00007ffded980000 - 0x00007ffded9eb000 	C:\Windows\System32\fwpuclnt.dll
0x00007ffddf640000 - 0x00007ffddf649000 	C:\Windows\System32\rasadhlp.dll
0x000000005d0f0000 - 0x000000005d0fd000 	E:\soft\develop\Java\jdk1.8.0_172\jre\bin\management.dll
0x000000005d0d0000 - 0x000000005d0ea000 	E:\soft\develop\Java\jdk1.8.0_172\jre\bin\net.dll
0x00007ffdee590000 - 0x00007ffdee5ba000 	C:\Windows\SYSTEM32\IPHLPAPI.DLL
0x00007ffdee570000 - 0x00007ffdee57a000 	C:\Windows\SYSTEM32\WINNSI.DLL
0x000000005d0b0000 - 0x000000005d0c1000 	E:\soft\develop\Java\jdk1.8.0_172\jre\bin\nio.dll
0x00007ffdf3ba0000 - 0x00007ffdf3bbe000 	C:\Windows\SYSTEM32\CRYPTSP.dll
0x00007ffdf3770000 - 0x00007ffdf37a6000 	C:\Windows\system32\rsaenh.dll
0x00007ffdf3de0000 - 0x00007ffdf3e06000 	C:\Windows\SYSTEM32\bcrypt.dll
0x00007ffdf40f0000 - 0x00007ffdf4153000 	C:\Windows\system32\bcryptprimitives.dll
0x00007ffdf4160000 - 0x00007ffdf416a000 	C:\Windows\SYSTEM32\CRYPTBASE.dll
0x00007ffdedbf0000 - 0x00007ffdedc04000 	C:\Windows\SYSTEM32\dhcpcsvc6.DLL
0x00007ffded9f0000 - 0x00007ffdeda09000 	C:\Windows\SYSTEM32\dhcpcsvc.DLL

VM Arguments:
jvm_args: -agentlib:jdwp=transport=dt_socket,suspend=y,address=localhost:11210 -Dfile.encoding=UTF-8 
java_command: com.kanlon.cfile.DemoApplication
java_class_path (initial): C:\Users\hasee\OneDrive\大四上学期\20181125收集文件的项目\collect-file\cfile\target\classes;D:\masterspring\mavenHistory\org\springframework\boot\spring-boot-starter-web\2.1.0.RELEASE\spring-boot-starter-web-2.1.0.RELEASE.jar;D:\masterspring\mavenHistory\org\springframework\boot\spring-boot-starter\2.1.0.RELEASE\spring-boot-starter-2.1.0.RELEASE.jar;D:\masterspring\mavenHistory\org\springframework\boot\spring-boot-starter-logging\2.1.0.RELEASE\spring-boot-starter-logging-2.1.0.RELEASE.jar;D:\masterspring\mavenHistory\ch\qos\logback\logback-classic\1.2.3\logback-classic-1.2.3.jar;D:\masterspring\mavenHistory\ch\qos\logback\logback-core\1.2.3\logback-core-1.2.3.jar;D:\masterspring\mavenHistory\org\apache\logging\log4j\log4j-to-slf4j\2.11.1\log4j-to-slf4j-2.11.1.jar;D:\masterspring\mavenHistory\org\apache\logging\log4j\log4j-api\2.11.1\log4j-api-2.11.1.jar;D:\masterspring\mavenHistory\org\slf4j\jul-to-slf4j\1.7.25\jul-to-slf4j-1.7.25.jar;D:\masterspring\mavenHistory\org\yaml\snakeyaml\1.23\snakeyaml-1.23.jar;D:\masterspring\mavenHistory\org\springframework\boot\spring-boot-starter-json\2.1.0.RELEASE\spring-boot-starter-json-2.1.0.RELEASE.jar;D:\masterspring\mavenHistory\com\fasterxml\jackson\core\jackson-databind\2.9.7\jackson-databind-2.9.7.jar;D:\masterspring\mavenHistory\com\fasterxml\jackson\core\jackson-annotations\2.9.0\jackson-annotations-2.9.0.jar;D:\masterspring\mavenHistory\com\fasterxml\jackson\core\jackson-core\2.9.7\jackson-core-2.9.7.jar;D:\masterspring\mavenHistory\com\fasterxml\jackson\datatype\jackson-datatype-jdk8\2.9.7\jackson-datatype-jdk8-2.9.7.jar;D:\masterspring\mavenHistory\com\fasterxml\jackson\datatype\jackson-datatype-jsr310\2.9.7\jackson-datatype-jsr310-2.9.7.jar;D:\masterspring\mavenHistory\com\fasterxml\jackson\module\jackson-module-parameter-names\2.9.7\jackson-module-parameter-names-2.9.7.jar;D:\masterspring\mavenHistory\org\hibernate\validator\hibernate-validator\6.0.13.Final\hibernate-validator-6.0.13.Final
Launcher Type: SUN_STANDARD

Environment Variables:
JAVA_HOME=E:\soft\develop\Java\jdk1.8.0_172
CLASSPATH=C:\LINGO64_15\Lingo14.jar
PATH=E:\soft\develop\Java\jdk1.8.0_172\jre\bin;C:\oracle11g\product\11.2.0\dbhome_1\bin;C:\Program Files (x86)\Common Files\Oracle\Java\javapath;C:\Program Files (x86)\SPSSInc\Clementine12.0\bin\;C:\Windows\system32;C:\Windows;C:\Windows\System32\Wbem;D:\SAS92\SharedFiles\Formats;.;E:\soft\develop\Java\jdk1.8.0_172/bin;.;C:\LINGO64_15\;C:\Program Files\Git\cmd;C:\Program Files\Git\mingw64\bin;C:\Program Files\Git\usr\bin;E:\soft\OpenSSH\bin;E:\soft\VisualSVN Server\bin;E:\soft\TortoiseSVN\bin;D:\masterspring\apache-maven-3.5.0-bin/bin;.;C:\Program Files\Microsoft SQL Server\110\DTS\Binn\;C:\Program Files (x86)\Microsoft SQL Server\110\Tools\Binn\;C:\Program Files\Microsoft SQL Server\110\Tools\Binn\;C:\Program Files (x86)\Microsoft SQL Server\110\Tools\Binn\ManagementStudio\;C:\Program Files (x86)\Microsoft Visual Studio 10.0\Common7\IDE\PrivateAssemblies\;C:\Program Files (x86)\Microsoft SQL Server\110\DTS\Binn\;.;E:\soft\jad158g.winJava反编译工具;C:\Program Files (x86)\MySQL\MySQL Server 5.1\bin;C:\Users\hasee\AppData\Roaming\npm;E:\soft\Wind\Wind.NET.Client\WindNET\bin\;E:\soft\Microsoft VS Code\bin
USERNAME=hasee
OS=Windows_NT
PROCESSOR_IDENTIFIER=Intel64 Family 6 Model 61 Stepping 4, GenuineIntel



---------------  S Y S T E M  ---------------

OS: Windows 8.1 , 64 bit Build 9600 (6.3.9600.17056)

CPU:total 4 (initial active 4) (2 cores per cpu, 2 threads per core) family 6 model 61 stepping 4, cmov, cx8, fxsr, mmx, sse, sse2, sse3, ssse3, sse4.1, sse4.2, popcnt, avx, avx2, aes, clmul, erms, 3dnowpref, lzcnt, ht, tsc, tscinvbit, bmi1, bmi2, adx

Memory: 4k page, physical 8316336k(967464k free), swap 11462064k(5124k free)

vm_info: Java HotSpot(TM) 64-Bit Server VM (25.172-b11) for windows-amd64 JRE (1.8.0_172-b11), built on Mar 28 2018 21:21:52 by "java_re" with MS VC++ 10.0 (VS2010)

time: Tue Dec 04 00:55:54 2018
elapsed time: 104 seconds (0d 0h 1m 44s)

