2018-11-29 19:39:24.624  INFO 4652 --- [restartedMain] com.kanlon.cfile.DemoApplication         : Starting DemoApplication on hasee-pc with PID 4652 (started by hasee in C:\Users\hasee\OneDrive\大四上学期\20181125收集文件的项目\collect-file\cfile)
2018-11-29 19:39:24.624  INFO 4652 --- [restartedMain] com.kanlon.cfile.DemoApplication         : No active profile set, falling back to default profiles: default
2018-11-29 19:39:24.984  INFO 4652 --- [restartedMain] .e.DevToolsPropertyDefaultsPostProcessor : Devtools property defaults active! Set 'spring.devtools.add-properties' to 'false' to disable
2018-11-29 19:39:24.984  INFO 4652 --- [restartedMain] .e.DevToolsPropertyDefaultsPostProcessor : For additional web related logging consider setting the 'logging.level.web' property to 'DEBUG'
2018-11-29 19:39:34.609  INFO 4652 --- [restartedMain] o.s.b.w.embedded.tomcat.TomcatWebServer  : Tomcat initialized with port(s): 8080 (http)
2018-11-29 19:39:34.739  INFO 4652 --- [restartedMain] o.apache.catalina.core.StandardService   : Starting service [Tomcat]
2018-11-29 19:39:34.739  INFO 4652 --- [restartedMain] org.apache.catalina.core.StandardEngine  : Starting Servlet Engine: Apache Tomcat/9.0.12
2018-11-29 19:39:34.786  INFO 4652 --- [restartedMain] o.a.catalina.core.AprLifecycleListener   : The APR based Apache Tomcat Native library which allows optimal performance in production environments was not found on the java.library.path: [E:\soft\develop\Java\jdk1.8.0_172\bin;C:\Windows\Sun\Java\bin;C:\Windows\system32;C:\Windows;C:\oracle11g\product\11.2.0\dbhome_1\bin;C:\Program Files (x86)\Common Files\Oracle\Java\javapath;C:\Program Files (x86)\SPSSInc\Clementine12.0\bin\;C:\Windows\system32;C:\Windows;C:\Windows\System32\Wbem;D:\SAS92\SharedFiles\Formats;.;E:\soft\develop\Java\jdk1.8.0_172/bin;.;C:\LINGO64_15\;C:\Program Files\Git\cmd;C:\Program Files\Git\mingw64\bin;C:\Program Files\Git\usr\bin;E:\soft\OpenSSH\bin;E:\soft\VisualSVN Server\bin;E:\soft\TortoiseSVN\bin;D:\masterspring\apache-maven-3.5.0-bin/bin;.;C:\Program Files\Microsoft SQL Server\110\DTS\Binn\;C:\Program Files (x86)\Microsoft SQL Server\110\Tools\Binn\;C:\Program Files\Microsoft SQL Server\110\Tools\Binn\;C:\Program Files (x86)\Microsoft SQL Server\110\Tools\Binn\ManagementStudio\;C:\Program Files (x86)\Microsoft Visual Studio 10.0\Common7\IDE\PrivateAssemblies\;C:\Program Files (x86)\Microsoft SQL Server\110\DTS\Binn\;.;E:\soft\jad158g.winJava反编译工具;C:\Program Files (x86)\MySQL\MySQL Server 5.1\bin;C:\Users\hasee\AppData\Roaming\npm;E:\soft\Wind\Wind.NET.Client\WindNET\bin\;E:\soft\Microsoft VS Code\bin;.]
2018-11-29 19:39:35.349  INFO 4652 --- [restartedMain] o.a.c.c.C.[Tomcat].[localhost].[/]       : Initializing Spring embedded WebApplicationContext
2018-11-29 19:39:35.349  INFO 4652 --- [restartedMain] o.s.web.context.ContextLoader            : Root WebApplicationContext: initialization completed in 10365 ms
2018-11-29 19:39:35.505  INFO 4652 --- [restartedMain] o.s.b.w.servlet.ServletRegistrationBean  : Servlet dispatcherServlet mapped to [/]
2018-11-29 19:39:35.521  INFO 4652 --- [restartedMain] o.s.b.w.servlet.FilterRegistrationBean   : Mapping filter: 'characterEncodingFilter' to: [/*]
2018-11-29 19:39:35.521  INFO 4652 --- [restartedMain] o.s.b.w.servlet.FilterRegistrationBean   : Mapping filter: 'hiddenHttpMethodFilter' to: [/*]
2018-11-29 19:39:35.521  INFO 4652 --- [restartedMain] o.s.b.w.servlet.FilterRegistrationBean   : Mapping filter: 'formContentFilter' to: [/*]
2018-11-29 19:39:35.521  INFO 4652 --- [restartedMain] o.s.b.w.servlet.FilterRegistrationBean   : Mapping filter: 'requestContextFilter' to: [/*]
2018-11-29 19:39:37.787  INFO 4652 --- [restartedMain] o.s.s.concurrent.ThreadPoolTaskExecutor  : Initializing ExecutorService 'applicationTaskExecutor'
2018-11-29 19:39:38.604  INFO 4652 --- [restartedMain] o.s.b.a.w.s.WelcomePageHandlerMapping    : Adding welcome page: class path resource [static/index.html]
2018-11-29 19:39:39.792  INFO 4652 --- [restartedMain] o.s.b.d.a.OptionalLiveReloadServer       : LiveReload server is running on port 35729
2018-11-29 19:39:40.078  INFO 4652 --- [restartedMain] o.s.b.w.embedded.tomcat.TomcatWebServer  : Tomcat started on port(s): 8080 (http) with context path ''
2018-11-29 19:39:40.094  INFO 4652 --- [restartedMain] com.kanlon.cfile.DemoApplication         : Started DemoApplication in 17.431 seconds (JVM running for 20.288)
2018-11-29 19:40:02.913  INFO 4652 --- [http-nio-8080-exec-1] o.a.c.c.C.[Tomcat].[localhost].[/]       : Initializing Spring DispatcherServlet 'dispatcherServlet'
2018-11-29 19:40:02.918  INFO 4652 --- [http-nio-8080-exec-1] o.s.web.servlet.DispatcherServlet        : Initializing Servlet 'dispatcherServlet'
2018-11-29 19:40:03.022  INFO 4652 --- [http-nio-8080-exec-1] o.s.web.servlet.DispatcherServlet        : Completed initialization in 104 ms
2018-11-29 19:40:29.117  INFO 4652 --- [http-nio-8080-exec-6] com.zaxxer.hikari.HikariDataSource       : HikariPool-1 - Starting...
2018-11-29 19:40:30.725  INFO 4652 --- [http-nio-8080-exec-6] com.zaxxer.hikari.HikariDataSource       : HikariPool-1 - Start completed.
2018-11-29 19:41:21.738  INFO 4652 --- [Thread-6] o.s.s.concurrent.ThreadPoolTaskExecutor  : Shutting down ExecutorService 'applicationTaskExecutor'
2018-11-29 19:41:21.746  INFO 4652 --- [Thread-6] com.zaxxer.hikari.HikariDataSource       : HikariPool-1 - Shutdown initiated...
2018-11-29 19:41:21.778  INFO 4652 --- [Thread-6] com.zaxxer.hikari.HikariDataSource       : HikariPool-1 - Shutdown completed.
